This is pdfTeX, Version 3.141592653-2.6-1.40.25 (TeX Live 2023) (preloaded format=pdflatex 2023.9.14)  29 SEP 2023 15:57
entering extended mode
 restricted \write18 enabled.
 file:line:error style messages enabled.
 %&-line parsing enabled.
**main
(./main.tex
LaTeX2e <2022-11-01> patch level 1
L3 programming layer <2023-02-22> (/usr/local/texlive/2023/texmf-dist/tex/latex/base/report.cls
Document Class: report 2022/07/02 v1.4n Standard LaTeX document class
(/usr/local/texlive/2023/texmf-dist/tex/latex/base/size12.clo
File: size12.clo 2022/07/02 v1.4n Standard LaTeX file (size option)
)
\c@part=\count185
\c@chapter=\count186
\c@section=\count187
\c@subsection=\count188
\c@subsubsection=\count189
\c@paragraph=\count190
\c@subparagraph=\count191
\c@figure=\count192
\c@table=\count193
\abovecaptionskip=\skip48
\belowcaptionskip=\skip49
\bibindent=\dimen140
) (/usr/local/texlive/2023/texmf-dist/tex/latex/base/inputenc.sty
Package: inputenc 2021/02/14 v1.3d Input encoding file
\inpenc@prehook=\toks16
\inpenc@posthook=\toks17
) (./Format/Packages.tex (/usr/local/texlive/2023/texmf-dist/tex/latex/amsmath/amsmath.sty
Package: amsmath 2022/04/08 v2.17n AMS math features
\@mathmargin=\skip50

For additional information on amsmath, use the `?' option.
(/usr/local/texlive/2023/texmf-dist/tex/latex/amsmath/amstext.sty
Package: amstext 2021/08/26 v2.01 AMS text
 (/usr/local/texlive/2023/texmf-dist/tex/latex/amsmath/amsgen.sty
File: amsgen.sty 1999/11/30 v2.0 generic functions
\@emptytoks=\toks18
\ex@=\dimen141
)) (/usr/local/texlive/2023/texmf-dist/tex/latex/amsmath/amsbsy.sty
Package: amsbsy 1999/11/29 v1.2d Bold Symbols
\pmbraise@=\dimen142
) (/usr/local/texlive/2023/texmf-dist/tex/latex/amsmath/amsopn.sty
Package: amsopn 2022/04/08 v2.04 operator names
)
\inf@bad=\count194
LaTeX Info: Redefining \frac on input line 234.
\uproot@=\count195
\leftroot@=\count196
LaTeX Info: Redefining \overline on input line 399.
LaTeX Info: Redefining \colon on input line 410.
\classnum@=\count197
\DOTSCASE@=\count198
LaTeX Info: Redefining \ldots on input line 496.
LaTeX Info: Redefining \dots on input line 499.
LaTeX Info: Redefining \cdots on input line 620.
\Mathstrutbox@=\box51
\strutbox@=\box52
LaTeX Info: Redefining \big on input line 722.
LaTeX Info: Redefining \Big on input line 723.
LaTeX Info: Redefining \bigg on input line 724.
LaTeX Info: Redefining \Bigg on input line 725.
\big@size=\dimen143
LaTeX Font Info:    Redeclaring font encoding OML on input line 743.
LaTeX Font Info:    Redeclaring font encoding OMS on input line 744.
\macc@depth=\count199
LaTeX Info: Redefining \bmod on input line 905.
LaTeX Info: Redefining \pmod on input line 910.
LaTeX Info: Redefining \smash on input line 940.
LaTeX Info: Redefining \relbar on input line 970.
LaTeX Info: Redefining \Relbar on input line 971.
\c@MaxMatrixCols=\count266
\dotsspace@=\muskip16
\c@parentequation=\count267
\dspbrk@lvl=\count268
\tag@help=\toks19
\row@=\count269
\column@=\count270
\maxfields@=\count271
\andhelp@=\toks20
\eqnshift@=\dimen144
\alignsep@=\dimen145
\tagshift@=\dimen146
\tagwidth@=\dimen147
\totwidth@=\dimen148
\lineht@=\dimen149
\@envbody=\toks21
\multlinegap=\skip51
\multlinetaggap=\skip52
\mathdisplay@stack=\toks22
LaTeX Info: Redefining \[ on input line 2953.
LaTeX Info: Redefining \] on input line 2954.
) (/usr/local/texlive/2023/texmf-dist/tex/latex/graphics/graphicx.sty
Package: graphicx 2021/09/16 v1.2d Enhanced LaTeX Graphics (DPC,SPQR)
 (/usr/local/texlive/2023/texmf-dist/tex/latex/graphics/keyval.sty
Package: keyval 2022/05/29 v1.15 key=value parser (DPC)
\KV@toks@=\toks23
) (/usr/local/texlive/2023/texmf-dist/tex/latex/graphics/graphics.sty
Package: graphics 2022/03/10 v1.4e Standard LaTeX Graphics (DPC,SPQR)
 (/usr/local/texlive/2023/texmf-dist/tex/latex/graphics/trig.sty
Package: trig 2021/08/11 v1.11 sin cos tan (DPC)
) (/usr/local/texlive/2023/texmf-dist/tex/latex/graphics-cfg/graphics.cfg
File: graphics.cfg 2016/06/04 v1.11 sample graphics configuration
)
Package graphics Info: Driver file: pdftex.def on input line 107.
 (/usr/local/texlive/2023/texmf-dist/tex/latex/graphics-def/pdftex.def
File: pdftex.def 2022/09/22 v1.2b Graphics/color driver for pdftex
))
\Gin@req@height=\dimen150
\Gin@req@width=\dimen151
) (/usr/local/texlive/2023/texmf-dist/tex/latex/float/float.sty
Package: float 2001/11/08 v1.3d Float enhancements (AL)
\c@float@type=\count272
\float@exts=\toks24
\float@box=\box53
\@float@everytoks=\toks25
\@floatcapt=\box54
) (/usr/local/texlive/2023/texmf-dist/tex/latex/hyperref/hyperref.sty
Package: hyperref 2023-02-07 v7.00v Hypertext links for LaTeX
 (/usr/local/texlive/2023/texmf-dist/tex/generic/ltxcmds/ltxcmds.sty
Package: ltxcmds 2020-05-10 v1.25 LaTeX kernel commands for general use (HO)
) (/usr/local/texlive/2023/texmf-dist/tex/generic/iftex/iftex.sty
Package: iftex 2022/02/03 v1.0f TeX engine tests
) (/usr/local/texlive/2023/texmf-dist/tex/generic/pdftexcmds/pdftexcmds.sty
Package: pdftexcmds 2020-06-27 v0.33 Utility functions of pdfTeX for LuaTeX (HO)
 (/usr/local/texlive/2023/texmf-dist/tex/generic/infwarerr/infwarerr.sty
Package: infwarerr 2019/12/03 v1.5 Providing info/warning/error messages (HO)
)
Package pdftexcmds Info: \pdf@primitive is available.
Package pdftexcmds Info: \pdf@ifprimitive is available.
Package pdftexcmds Info: \pdfdraftmode found.
) (/usr/local/texlive/2023/texmf-dist/tex/latex/kvsetkeys/kvsetkeys.sty
Package: kvsetkeys 2022-10-05 v1.19 Key value parser (HO)
) (/usr/local/texlive/2023/texmf-dist/tex/generic/kvdefinekeys/kvdefinekeys.sty
Package: kvdefinekeys 2019-12-19 v1.6 Define keys (HO)
) (/usr/local/texlive/2023/texmf-dist/tex/generic/pdfescape/pdfescape.sty
Package: pdfescape 2019/12/09 v1.15 Implements pdfTeX's escape features (HO)
) (/usr/local/texlive/2023/texmf-dist/tex/latex/hycolor/hycolor.sty
Package: hycolor 2020-01-27 v1.10 Color options for hyperref/bookmark (HO)
) (/usr/local/texlive/2023/texmf-dist/tex/latex/letltxmacro/letltxmacro.sty
Package: letltxmacro 2019/12/03 v1.6 Let assignment for LaTeX macros (HO)
) (/usr/local/texlive/2023/texmf-dist/tex/latex/auxhook/auxhook.sty
Package: auxhook 2019-12-17 v1.6 Hooks for auxiliary files (HO)
) (/usr/local/texlive/2023/texmf-dist/tex/latex/hyperref/nameref.sty
Package: nameref 2022-05-17 v2.50 Cross-referencing by name of section
 (/usr/local/texlive/2023/texmf-dist/tex/latex/refcount/refcount.sty
Package: refcount 2019/12/15 v3.6 Data extraction from label references (HO)
) (/usr/local/texlive/2023/texmf-dist/tex/generic/gettitlestring/gettitlestring.sty
Package: gettitlestring 2019/12/15 v1.6 Cleanup title references (HO)
 (/usr/local/texlive/2023/texmf-dist/tex/latex/kvoptions/kvoptions.sty
Package: kvoptions 2022-06-15 v3.15 Key value format for package options (HO)
))
\c@section@level=\count273
)
\@linkdim=\dimen152
\Hy@linkcounter=\count274
\Hy@pagecounter=\count275
 (/usr/local/texlive/2023/texmf-dist/tex/latex/hyperref/pd1enc.def
File: pd1enc.def 2023-02-07 v7.00v Hyperref: PDFDocEncoding definition (HO)
Now handling font encoding PD1 ...
... no UTF-8 mapping file for font encoding PD1
) (/usr/local/texlive/2023/texmf-dist/tex/generic/intcalc/intcalc.sty
Package: intcalc 2019/12/15 v1.3 Expandable calculations with integers (HO)
) (/usr/local/texlive/2023/texmf-dist/tex/generic/etexcmds/etexcmds.sty
Package: etexcmds 2019/12/15 v1.7 Avoid name clashes with e-TeX commands (HO)
)
\Hy@SavedSpaceFactor=\count276
 (/usr/local/texlive/2023/texmf-dist/tex/latex/hyperref/puenc.def
File: puenc.def 2023-02-07 v7.00v Hyperref: PDF Unicode definition (HO)
Now handling font encoding PU ...
... no UTF-8 mapping file for font encoding PU
)
Package hyperref Info: Hyper figures OFF on input line 4177.
Package hyperref Info: Link nesting OFF on input line 4182.
Package hyperref Info: Hyper index ON on input line 4185.
Package hyperref Info: Plain pages OFF on input line 4192.
Package hyperref Info: Backreferencing OFF on input line 4197.
Package hyperref Info: Implicit mode ON; LaTeX internals redefined.
Package hyperref Info: Bookmarks ON on input line 4425.
\c@Hy@tempcnt=\count277
 (/usr/local/texlive/2023/texmf-dist/tex/latex/url/url.sty
\Urlmuskip=\muskip17
Package: url 2013/09/16  ver 3.4  Verb mode for urls, etc.
)
LaTeX Info: Redefining \url on input line 4763.
\XeTeXLinkMargin=\dimen153
 (/usr/local/texlive/2023/texmf-dist/tex/generic/bitset/bitset.sty
Package: bitset 2019/12/09 v1.3 Handle bit-vector datatype (HO)
 (/usr/local/texlive/2023/texmf-dist/tex/generic/bigintcalc/bigintcalc.sty
Package: bigintcalc 2019/12/15 v1.5 Expandable calculations on big integers (HO)
))
\Fld@menulength=\count278
\Field@Width=\dimen154
\Fld@charsize=\dimen155
Package hyperref Info: Hyper figures OFF on input line 6042.
Package hyperref Info: Link nesting OFF on input line 6047.
Package hyperref Info: Hyper index ON on input line 6050.
Package hyperref Info: backreferencing OFF on input line 6057.
Package hyperref Info: Link coloring OFF on input line 6062.
Package hyperref Info: Link coloring with OCG OFF on input line 6067.
Package hyperref Info: PDF/A mode OFF on input line 6072.
 (/usr/local/texlive/2023/texmf-dist/tex/latex/base/atbegshi-ltx.sty
Package: atbegshi-ltx 2021/01/10 v1.0c Emulation of the original atbegshi
package with kernel methods
)
\Hy@abspage=\count279
\c@Item=\count280
\c@Hfootnote=\count281
)
Package hyperref Info: Driver (autodetected): hpdftex.
 (/usr/local/texlive/2023/texmf-dist/tex/latex/hyperref/hpdftex.def
File: hpdftex.def 2023-02-07 v7.00v Hyperref driver for pdfTeX
 (/usr/local/texlive/2023/texmf-dist/tex/latex/base/atveryend-ltx.sty
Package: atveryend-ltx 2020/08/19 v1.0a Emulation of the original atveryend package
with kernel methods
)
\Fld@listcount=\count282
\c@bookmark@seq@number=\count283
 (/usr/local/texlive/2023/texmf-dist/tex/latex/rerunfilecheck/rerunfilecheck.sty
Package: rerunfilecheck 2022-07-10 v1.10 Rerun checks for auxiliary files (HO)
 (/usr/local/texlive/2023/texmf-dist/tex/generic/uniquecounter/uniquecounter.sty
Package: uniquecounter 2019/12/15 v1.4 Provide unlimited unique counter (HO)
)
Package uniquecounter Info: New unique counter `rerunfilecheck' on input line 285.
)
\Hy@SectionHShift=\skip53
) (/usr/local/texlive/2023/texmf-dist/tex/latex/cleveref/cleveref.sty
Package: cleveref 2018/03/27 v0.21.4 Intelligent cross-referencing
Package cleveref Info: `hyperref' support loaded on input line 2370.
LaTeX Info: Redefining \cref on input line 2370.
LaTeX Info: Redefining \Cref on input line 2370.
LaTeX Info: Redefining \crefrange on input line 2370.
LaTeX Info: Redefining \Crefrange on input line 2370.
LaTeX Info: Redefining \cpageref on input line 2370.
LaTeX Info: Redefining \Cpageref on input line 2370.
LaTeX Info: Redefining \cpagerefrange on input line 2370.
LaTeX Info: Redefining \Cpagerefrange on input line 2370.
LaTeX Info: Redefining \labelcref on input line 2370.
LaTeX Info: Redefining \labelcpageref on input line 2370.
) (/usr/local/texlive/2023/texmf-dist/tex/latex/fancyhdr/fancyhdr.sty
Package: fancyhdr 2022/11/09 v4.1 Extensive control of page headers and footers
\f@nch@headwidth=\skip54
\f@nch@O@elh=\skip55
\f@nch@O@erh=\skip56
\f@nch@O@olh=\skip57
\f@nch@O@orh=\skip58
\f@nch@O@elf=\skip59
\f@nch@O@erf=\skip60
\f@nch@O@olf=\skip61
\f@nch@O@orf=\skip62
) (/usr/local/texlive/2023/texmf-dist/tex/latex/geometry/geometry.sty
Package: geometry 2020/01/02 v5.9 Page Geometry
 (/usr/local/texlive/2023/texmf-dist/tex/generic/iftex/ifvtex.sty
Package: ifvtex 2019/10/25 v1.7 ifvtex legacy package. Use iftex instead.
)
\Gm@cnth=\count284
\Gm@cntv=\count285
\c@Gm@tempcnt=\count286
\Gm@bindingoffset=\dimen156
\Gm@wd@mp=\dimen157
\Gm@odd@mp=\dimen158
\Gm@even@mp=\dimen159
\Gm@layoutwidth=\dimen160
\Gm@layoutheight=\dimen161
\Gm@layouthoffset=\dimen162
\Gm@layoutvoffset=\dimen163
\Gm@dimlist=\toks26
)
*geometry* verbose mode - [ newgeometry ] result:
* driver: 
* paper: a4paper
* layout: <same size as paper>
* layoutoffset:(h,v)=(0.0pt,0.0pt)
* modes: 
* h-part:(L,W,R)=(72.2698pt, 469.75539pt, 72.2698pt)
* v-part:(T,H,B)=(72.2698pt, 650.43037pt, 72.2698pt)
* \paperwidth=614.295pt
* \paperheight=794.96999pt
* \textwidth=469.75539pt
* \textheight=650.43037pt
* \oddsidemargin=-0.00018pt
* \evensidemargin=-0.00018pt
* \topmargin=-39.50018pt
* \headheight=14.5pt
* \headsep=25.0pt
* \topskip=12.0pt
* \footskip=30.0pt
* \marginparwidth=44.0pt
* \marginparsep=10.0pt
* \columnsep=10.0pt
* \skip\footins=10.8pt plus 4.0pt minus 2.0pt
* \hoffset=0.0pt
* \voffset=0.0pt
* \mag=1000
* \@twocolumnfalse
* \@twosidefalse
* \@mparswitchfalse
* \@reversemarginfalse
* (1in=72.27pt=25.4mm, 1cm=28.453pt)

 (/usr/local/texlive/2023/texmf-dist/tex/latex/biblatex/biblatex.sty
Package: biblatex 2023/03/05 v3.19 programmable bibliographies (PK/MW)
 (/usr/local/texlive/2023/texmf-dist/tex/latex/etoolbox/etoolbox.sty
Package: etoolbox 2020/10/05 v2.5k e-TeX tools for LaTeX (JAW)
\etb@tempcnta=\count287
) (/usr/local/texlive/2023/texmf-dist/tex/latex/logreq/logreq.sty
Package: logreq 2010/08/04 v1.0 xml request logger
\lrq@indent=\count288
 (/usr/local/texlive/2023/texmf-dist/tex/latex/logreq/logreq.def
File: logreq.def 2010/08/04 v1.0 logreq spec v1.0
)) (/usr/local/texlive/2023/texmf-dist/tex/latex/base/ifthen.sty
Package: ifthen 2022/04/13 v1.1d Standard LaTeX ifthen package (DPC)
)
\c@tabx@nest=\count289
\c@listtotal=\count290
\c@listcount=\count291
\c@liststart=\count292
\c@liststop=\count293
\c@citecount=\count294
\c@citetotal=\count295
\c@multicitecount=\count296
\c@multicitetotal=\count297
\c@instcount=\count298
\c@maxnames=\count299
\c@minnames=\count300
\c@maxitems=\count301
\c@minitems=\count302
\c@citecounter=\count303
\c@maxcitecounter=\count304
\c@savedcitecounter=\count305
\c@uniquelist=\count306
\c@uniquename=\count307
\c@refsection=\count308
\c@refsegment=\count309
\c@maxextratitle=\count310
\c@maxextratitleyear=\count311
\c@maxextraname=\count312
\c@maxextradate=\count313
\c@maxextraalpha=\count314
\c@abbrvpenalty=\count315
\c@highnamepenalty=\count316
\c@lownamepenalty=\count317
\c@maxparens=\count318
\c@parenlevel=\count319
\blx@tempcnta=\count320
\blx@tempcntb=\count321
\blx@tempcntc=\count322
\c@blx@maxsection=\count323
\blx@maxsegment@0=\count324
\blx@notetype=\count325
\blx@parenlevel@text=\count326
\blx@parenlevel@foot=\count327
\blx@sectionciteorder@0=\count328
\blx@sectionciteorderinternal@0=\count329
\blx@entrysetcounter=\count330
\blx@biblioinstance=\count331
\labelnumberwidth=\skip63
\labelalphawidth=\skip64
\biblabelsep=\skip65
\bibitemsep=\skip66
\bibnamesep=\skip67
\bibinitsep=\skip68
\bibparsep=\skip69
\bibhang=\skip70
\blx@bcfin=\read2
\blx@bcfout=\write3
\blx@langwohyphens=\language87
\c@mincomprange=\count332
\c@maxcomprange=\count333
\c@mincompwidth=\count334
Package biblatex Info: Trying to load biblatex default data model...
Package biblatex Info: ... file 'blx-dm.def' found.
 (/usr/local/texlive/2023/texmf-dist/tex/latex/biblatex/blx-dm.def
File: blx-dm.def 2023/03/05 v3.19 biblatex localization (PK/MW)
)
Package biblatex Info: Trying to load biblatex style data model...
Package biblatex Info: ... file 'authoryear.dbx' not found.
Package biblatex Info: Trying to load biblatex custom data model...
Package biblatex Info: ... file 'biblatex-dm.cfg' not found.
\c@afterword=\count335
\c@savedafterword=\count336
\c@annotator=\count337
\c@savedannotator=\count338
\c@author=\count339
\c@savedauthor=\count340
\c@bookauthor=\count341
\c@savedbookauthor=\count342
\c@commentator=\count343
\c@savedcommentator=\count344
\c@editor=\count345
\c@savededitor=\count346
\c@editora=\count347
\c@savededitora=\count348
\c@editorb=\count349
\c@savededitorb=\count350
\c@editorc=\count351
\c@savededitorc=\count352
\c@foreword=\count353
\c@savedforeword=\count354
\c@holder=\count355
\c@savedholder=\count356
\c@introduction=\count357
\c@savedintroduction=\count358
\c@namea=\count359
\c@savednamea=\count360
\c@nameb=\count361
\c@savednameb=\count362
\c@namec=\count363
\c@savednamec=\count364
\c@translator=\count365
\c@savedtranslator=\count366
\c@shortauthor=\count367
\c@savedshortauthor=\count368
\c@shorteditor=\count369
\c@savedshorteditor=\count370
\c@labelname=\count371
\c@savedlabelname=\count372
\c@institution=\count373
\c@savedinstitution=\count374
\c@lista=\count375
\c@savedlista=\count376
\c@listb=\count377
\c@savedlistb=\count378
\c@listc=\count379
\c@savedlistc=\count380
\c@listd=\count381
\c@savedlistd=\count382
\c@liste=\count383
\c@savedliste=\count384
\c@listf=\count385
\c@savedlistf=\count386
\c@location=\count387
\c@savedlocation=\count388
\c@organization=\count389
\c@savedorganization=\count390
\c@origlocation=\count391
\c@savedoriglocation=\count392
\c@origpublisher=\count393
\c@savedorigpublisher=\count394
\c@publisher=\count395
\c@savedpublisher=\count396
\c@language=\count397
\c@savedlanguage=\count398
\c@origlanguage=\count399
\c@savedoriglanguage=\count400
\c@pageref=\count401
\c@savedpageref=\count402
\shorthandwidth=\skip71
\shortjournalwidth=\skip72
\shortserieswidth=\skip73
\shorttitlewidth=\skip74
\shortauthorwidth=\skip75
\shorteditorwidth=\skip76
\locallabelnumberwidth=\skip77
\locallabelalphawidth=\skip78
\localshorthandwidth=\skip79
\localshortjournalwidth=\skip80
\localshortserieswidth=\skip81
\localshorttitlewidth=\skip82
\localshortauthorwidth=\skip83
\localshorteditorwidth=\skip84
Package biblatex Info: Trying to load compatibility code...
Package biblatex Info: ... file 'blx-compat.def' found.
 (/usr/local/texlive/2023/texmf-dist/tex/latex/biblatex/blx-compat.def
File: blx-compat.def 2023/03/05 v3.19 biblatex compatibility (PK/MW)
)
Package biblatex Info: Trying to load generic definitions...
Package biblatex Info: ... file 'biblatex.def' found.
 (/usr/local/texlive/2023/texmf-dist/tex/latex/biblatex/biblatex.def
File: biblatex.def 2023/03/05 v3.19 biblatex compatibility (PK/MW)
\c@textcitecount=\count403
\c@textcitetotal=\count404
\c@textcitemaxnames=\count405
\c@biburlbigbreakpenalty=\count406
\c@biburlbreakpenalty=\count407
\c@biburlnumpenalty=\count408
\c@biburlucpenalty=\count409
\c@biburllcpenalty=\count410
\biburlbigskip=\muskip18
\biburlnumskip=\muskip19
\biburlucskip=\muskip20
\biburllcskip=\muskip21
\c@smartand=\count411
)
Package biblatex Info: Trying to load bibliography style 'authoryear'...
Package biblatex Info: ... file 'authoryear.bbx' found.
 (/usr/local/texlive/2023/texmf-dist/tex/latex/biblatex/bbx/authoryear.bbx
File: authoryear.bbx 2023/03/05 v3.19 biblatex bibliography style (PK/MW)
Package biblatex Info: Trying to load bibliography style 'standard'...
Package biblatex Info: ... file 'standard.bbx' found.
 (/usr/local/texlive/2023/texmf-dist/tex/latex/biblatex/bbx/standard.bbx
File: standard.bbx 2023/03/05 v3.19 biblatex bibliography style (PK/MW)
\c@bbx:relatedcount=\count412
\c@bbx:relatedtotal=\count413
))
Package biblatex Info: Trying to load citation style 'authoryear'...
Package biblatex Info: ... file 'authoryear.cbx' found.
 (/usr/local/texlive/2023/texmf-dist/tex/latex/biblatex/cbx/authoryear.cbx
File: authoryear.cbx 2023/03/05 v3.19 biblatex citation style (PK/MW)
Package biblatex Info: Redefining '\cite'.
Package biblatex Info: Redefining '\parencite'.
Package biblatex Info: Redefining '\footcite'.
Package biblatex Info: Redefining '\footcitetext'.
Package biblatex Info: Redefining '\smartcite'.
Package biblatex Info: Redefining '\textcite'.
Package biblatex Info: Redefining '\textcites'.
)
Package biblatex Info: Trying to load configuration file...
Package biblatex Info: ... file 'biblatex.cfg' found.
 (/usr/local/texlive/2023/texmf-dist/tex/latex/biblatex/biblatex.cfg
File: biblatex.cfg 
)
Package biblatex Info: Input encoding 'utf8' detected.
Package biblatex Info: Document encoding is UTF8 ....
 (/usr/local/texlive/2023/texmf-dist/tex/latex/l3kernel/expl3.sty
Package: expl3 2023-02-22 L3 programming layer (loader) 
 (/usr/local/texlive/2023/texmf-dist/tex/latex/l3backend/l3backend-pdftex.def
File: l3backend-pdftex.def 2023-01-16 L3 backend support: PDF output (pdfTeX)
\l__color_backend_stack_int=\count414
\l__pdf_internal_box=\box55
))
Package biblatex Info: ... and expl3
(biblatex)             2023-02-22 L3 programming layer (loader) 
(biblatex)             is new enough (at least 2020/04/06),
(biblatex)             setting 'casechanger=expl3'.
 (/usr/local/texlive/2023/texmf-dist/tex/latex/biblatex/blx-case-expl3.sty (/usr/local/texlive/2023/texmf-dist/tex/latex/l3packages/xparse/xparse.sty
Package: xparse 2023-02-02 L3 Experimental document command parser
)
Package: blx-case-expl3 2023/03/05 v3.19 expl3 case changing code for biblatex
)) (/usr/local/texlive/2023/texmf-dist/tex/latex/pdfpages/pdfpages.sty
Package: pdfpages 2022/12/19 v0.5x Insert pages of external PDF documents (AM)
 (/usr/local/texlive/2023/texmf-dist/tex/latex/tools/calc.sty
Package: calc 2017/05/25 v4.3 Infix arithmetic (KKT,FJ)
\calc@Acount=\count415
\calc@Bcount=\count416
\calc@Adimen=\dimen164
\calc@Bdimen=\dimen165
\calc@Askip=\skip85
\calc@Bskip=\skip86
LaTeX Info: Redefining \setlength on input line 80.
LaTeX Info: Redefining \addtolength on input line 81.
\calc@Ccount=\count417
\calc@Cskip=\skip87
) (/usr/local/texlive/2023/texmf-dist/tex/latex/eso-pic/eso-pic.sty
Package: eso-pic 2020/10/14 v3.0a eso-pic (RN)
\ESO@tempdima=\dimen166
\ESO@tempdimb=\dimen167
 (/usr/local/texlive/2023/texmf-dist/tex/latex/xcolor/xcolor.sty
Package: xcolor 2022/06/12 v2.14 LaTeX color extensions (UK)
 (/usr/local/texlive/2023/texmf-dist/tex/latex/graphics-cfg/color.cfg
File: color.cfg 2016/01/02 v1.6 sample color configuration
)
Package xcolor Info: Driver file: pdftex.def on input line 227.
 (/usr/local/texlive/2023/texmf-dist/tex/latex/graphics/mathcolor.ltx)
Package xcolor Info: Model `cmy' substituted by `cmy0' on input line 1353.
Package xcolor Info: Model `hsb' substituted by `rgb' on input line 1357.
Package xcolor Info: Model `RGB' extended on input line 1369.
Package xcolor Info: Model `HTML' substituted by `rgb' on input line 1371.
Package xcolor Info: Model `Hsb' substituted by `hsb' on input line 1372.
Package xcolor Info: Model `tHsb' substituted by `hsb' on input line 1373.
Package xcolor Info: Model `HSB' substituted by `hsb' on input line 1374.
Package xcolor Info: Model `Gray' substituted by `gray' on input line 1375.
Package xcolor Info: Model `wave' substituted by `hsb' on input line 1376.
))
\AM@pagewidth=\dimen168
\AM@pageheight=\dimen169
\AM@fboxrule=\dimen170
 (/usr/local/texlive/2023/texmf-dist/tex/latex/pdfpages/pppdftex.def
File: pppdftex.def 2022/12/19 v0.5x Pdfpages driver for pdfTeX (AM)
)
\pdfpages@includegraphics@status=\count418
\AM@pagebox=\box56
\AM@global@opts=\toks27
\AM@pagecnt=\count419
\AM@toc@title=\toks28
\AM@lof@heading=\toks29
\c@AM@survey=\count420
\AM@templatesizebox=\box57
) (/usr/local/texlive/2023/texmf-dist/tex/latex/listings/listings.sty
\lst@mode=\count421
\lst@gtempboxa=\box58
\lst@token=\toks30
\lst@length=\count422
\lst@currlwidth=\dimen171
\lst@column=\count423
\lst@pos=\count424
\lst@lostspace=\dimen172
\lst@width=\dimen173
\lst@newlines=\count425
\lst@lineno=\count426
\lst@maxwidth=\dimen174
 (/usr/local/texlive/2023/texmf-dist/tex/latex/listings/lstmisc.sty
File: lstmisc.sty 2023/02/27 1.9 (Carsten Heinz)
\c@lstnumber=\count427
\lst@skipnumbers=\count428
\lst@framebox=\box59
) (/usr/local/texlive/2023/texmf-dist/tex/latex/listings/listings.cfg
File: listings.cfg 2023/02/27 1.9 listings configuration
))
Package: listings 2023/02/27 1.9 (Carsten Heinz)
)
\@quotelevel=\count429
\@quotereset=\count430
 (./main.aux)
\openout1 = `main.aux'.

LaTeX Font Info:    Checking defaults for OML/cmm/m/it on input line 4.
LaTeX Font Info:    ... okay on input line 4.
LaTeX Font Info:    Checking defaults for OMS/cmsy/m/n on input line 4.
LaTeX Font Info:    ... okay on input line 4.
LaTeX Font Info:    Checking defaults for OT1/cmr/m/n on input line 4.
LaTeX Font Info:    ... okay on input line 4.
LaTeX Font Info:    Checking defaults for T1/cmr/m/n on input line 4.
LaTeX Font Info:    ... okay on input line 4.
LaTeX Font Info:    Checking defaults for TS1/cmr/m/n on input line 4.
LaTeX Font Info:    ... okay on input line 4.
LaTeX Font Info:    Checking defaults for OMX/cmex/m/n on input line 4.
LaTeX Font Info:    ... okay on input line 4.
LaTeX Font Info:    Checking defaults for U/cmr/m/n on input line 4.
LaTeX Font Info:    ... okay on input line 4.
LaTeX Font Info:    Checking defaults for PD1/pdf/m/n on input line 4.
LaTeX Font Info:    ... okay on input line 4.
LaTeX Font Info:    Checking defaults for PU/pdf/m/n on input line 4.
LaTeX Font Info:    ... okay on input line 4.
 (/usr/local/texlive/2023/texmf-dist/tex/context/base/mkii/supp-pdf.mkii
[Loading MPS to PDF converter (version 2006.09.02).]
\scratchcounter=\count431
\scratchdimen=\dimen175
\scratchbox=\box60
\nofMPsegments=\count432
\nofMParguments=\count433
\everyMPshowfont=\toks31
\MPscratchCnt=\count434
\MPscratchDim=\dimen176
\MPnumerator=\count435
\makeMPintoPDFobject=\count436
\everyMPtoPDFconversion=\toks32
) (/usr/local/texlive/2023/texmf-dist/tex/latex/epstopdf-pkg/epstopdf-base.sty
Package: epstopdf-base 2020-01-24 v2.11 Base part for package epstopdf
Package epstopdf-base Info: Redefining graphics rule for `.eps' on input line 485.
 (/usr/local/texlive/2023/texmf-dist/tex/latex/latexconfig/epstopdf-sys.cfg
File: epstopdf-sys.cfg 2010/07/13 v1.3 Configuration of (r)epstopdf for TeX Live
))
Package hyperref Info: Link coloring OFF on input line 4.
 (./main.out) (./main.out)
\@outlinefile=\write4
\openout4 = `main.out'.


*geometry* driver: auto-detecting
*geometry* detected driver: pdftex
*geometry* verbose mode - [ preamble ] result:
* driver: pdftex
* paper: a4paper
* layout: <same size as paper>
* layoutoffset:(h,v)=(0.0pt,0.0pt)
* modes: 
* h-part:(L,W,R)=(72.2698pt, 469.75539pt, 72.2698pt)
* v-part:(T,H,B)=(72.2698pt, 650.43037pt, 72.2698pt)
* \paperwidth=614.295pt
* \paperheight=794.96999pt
* \textwidth=469.75539pt
* \textheight=650.43037pt
* \oddsidemargin=-0.00018pt
* \evensidemargin=-0.00018pt
* \topmargin=-39.50018pt
* \headheight=14.5pt
* \headsep=25.0pt
* \topskip=12.0pt
* \footskip=30.0pt
* \marginparwidth=56.9055pt
* \marginparsep=10.0pt
* \columnsep=10.0pt
* \skip\footins=10.8pt plus 4.0pt minus 2.0pt
* \hoffset=0.0pt
* \voffset=0.0pt
* \mag=1000
* \@twocolumnfalse
* \@twosidefalse
* \@mparswitchfalse
* \@reversemarginfalse
* (1in=72.27pt=25.4mm, 1cm=28.453pt)

Package biblatex Info: Trying to load language 'english'...
Package biblatex Info: ... file 'english.lbx' found.
(/usr/local/texlive/2023/texmf-dist/tex/latex/biblatex/lbx/english.lbx
File: english.lbx 2023/03/05 v3.19 biblatex localization (PK/MW)
)
Package biblatex Info: Input encoding 'utf8' detected.
Package biblatex Info: Automatic encoding selection.
(biblatex)             Assuming data encoding 'utf8'.
\openout3 = `main.bcf'.

Package biblatex Info: Trying to load bibliographic data...
Package biblatex Info: ... file 'main.bbl' not found.

No file main.bbl.
Package biblatex Info: Reference section=0 on input line 4.
Package biblatex Info: Reference segment=0 on input line 4.
(/usr/local/texlive/2023/texmf-dist/tex/latex/pdflscape/pdflscape.sty
Package: pdflscape 2022-10-27 v0.13 Display of landscape pages in PDF
 (/usr/local/texlive/2023/texmf-dist/tex/latex/pdflscape/pdflscape-nometadata.sty
Package: pdflscape-nometadata 2022-10-28 v0.13 Display of landscape pages in PDF (HO)
 (/usr/local/texlive/2023/texmf-dist/tex/latex/graphics/lscape.sty
Package: lscape 2020/05/28 v3.02 Landscape Pages (DPC)
)
Package pdflscape Info: Auto-detected driver: pdftex on input line 81.
))
\c@lstlisting=\count437
 (./Format/TitlePage/Title.tex
*geometry* verbose mode - [ newgeometry ] result:
* driver: pdftex
* paper: a4paper
* layout: <same size as paper>
* layoutoffset:(h,v)=(0.0pt,0.0pt)
* modes: 
* h-part:(L,W,R)=(71.13188pt, 472.03123pt, 71.13188pt)
* v-part:(T,H,B)=(142.26378pt, 581.57433pt, 71.13188pt)
* \paperwidth=614.295pt
* \paperheight=794.96999pt
* \textwidth=472.03123pt
* \textheight=581.57433pt
* \oddsidemargin=-1.1381pt
* \evensidemargin=-1.1381pt
* \topmargin=30.49379pt
* \headheight=14.5pt
* \headsep=25.0pt
* \topskip=12.0pt
* \footskip=30.0pt
* \marginparwidth=56.9055pt
* \marginparsep=10.0pt
* \columnsep=10.0pt
* \skip\footins=10.8pt plus 4.0pt minus 2.0pt
* \hoffset=0.0pt
* \voffset=0.0pt
* \mag=1000
* \@twocolumnfalse
* \@twosidefalse
* \@mparswitchfalse
* \@reversemarginfalse
* (1in=72.27pt=25.4mm, 1cm=28.453pt)

<Format/TitlePage/uksc_logo.png, id=168, 433.62pt x 126.4725pt>
File: Format/TitlePage/uksc_logo.png Graphic file (type png)
<use Format/TitlePage/uksc_logo.png>
Package pdftex.def Info: Format/TitlePage/uksc_logo.png  used on input line 8.
(pdftex.def)             Requested size: 411.93666pt x 120.14818pt.
 [1



{/usr/local/texlive/2023/texmf-var/fonts/map/pdftex/updmap/pdftex.map} <./Format/TitlePage/uksc_logo.png (PNG copy)>]) (./Sections/Abstract.tex

LaTeX Warning: Citation 'PalaniPaper' on page 1 undefined on input line 1.

) [1

] (./main.toc [2

])
\tf@toc=\write5
\openout5 = `main.toc'.

 [3] (./main.lof)
\tf@lof=\write6
\openout6 = `main.lof'.

 [4

]
Chapter 1.
(./Sections/Introduction.tex

LaTeX Warning: Citation 'DatasetPaper' on page 1 undefined on input line 1.


Underfull \hbox (badness 10000) in paragraph at lines 1--2

 []


LaTeX Warning: Citation 'ClinicalTrialPaper' on page 1 undefined on input line 3.


LaTeX Warning: Citation 'PalaniPaper' on page 1 undefined on input line 8.


LaTeX Warning: Citation 'PalaniPaper' on page 1 undefined on input line 8.


Underfull \hbox (badness 10000) in paragraph at lines 8--9

 []


pdfTeX warning (ext4): destination with the same identifier (name{page.1}) has been already used, duplicate ignored
<to be read again> 
                   \relax 
l.9 
     [1

]

LaTeX Warning: Citation 'PalaniPaper' on page 2 undefined on input line 10.


LaTeX Warning: Citation 'PalaniPaper' on page 2 undefined on input line 10.


Underfull \hbox (badness 10000) in paragraph at lines 10--11

 []


LaTeX Warning: Citation 'PalaniPaper' on page 2 undefined on input line 15.


LaTeX Warning: Citation 'PalaniPaper' on page 2 undefined on input line 24.


Underfull \hbox (badness 10000) in paragraph at lines 24--25

 []

) [2{/usr/local/texlive/2023/texmf-dist/fonts/enc/dvips/cm-super/cm-super-ts1.enc}] [3]
Chapter 2.
(./Sections/Literature_Review.tex

LaTeX Warning: Citation 'ClinicalTrialPaper' on page 4 undefined on input line 4.


LaTeX Warning: Citation 'ClinicalTrialTechnicalPaper' on page 4 undefined on input line 4.


LaTeX Warning: Citation 'DatasetPaper' on page 4 undefined on input line 9.


LaTeX Warning: Citation 'Kaggle' on page 4 undefined on input line 9.


LaTeX Warning: Citation 'ClinicalTrialPaper' on page 4 undefined on input line 9.


LaTeX Warning: Citation 'ClinicalTrialTechnicalPaper' on page 4 undefined on input line 9.


Overfull \hbox (3.04573pt too wide) in paragraph at lines 9--10
\OT1/cmr/m/n/12 in to-tal col-lected from a clin-i-cal trial ([]; []).
 []


LaTeX Warning: Citation 'DatasetPaper' on page 4 undefined on input line 26.


LaTeX Warning: Citation 'DatasetPaper' on page 4 undefined on input line 26.


LaTeX Warning: Citation 'Kaggle' on page 4 undefined on input line 26.

[4

]

LaTeX Warning: Citation 'UnderstandCNN' on page 5 undefined on input line 32.


LaTeX Warning: Citation 'whatiscnn' on page 5 undefined on input line 32.

[5]

LaTeX Warning: Citation 'PalaniPaper' on page 6 undefined on input line 66.


Underfull \hbox (badness 10000) in paragraph at lines 66--67

 []


LaTeX Warning: Citation 'PalaniPaper' on page 6 undefined on input line 68.


LaTeX Warning: Citation 'PalaniPaper' on page 6 undefined on input line 68.


Underfull \hbox (badness 10000) in paragraph at lines 68--70

 []

[6]

LaTeX Warning: Citation 'PalaniPaper' on page 7 undefined on input line 71.


LaTeX Warning: Citation 'buttord' on page 7 undefined on input line 71.


LaTeX Warning: Citation 'PalaniPaper' on page 7 undefined on input line 71.


LaTeX Warning: Citation 'butter' on page 7 undefined on input line 71.


Underfull \hbox (badness 10000) in paragraph at lines 71--72

 []


Underfull \hbox (badness 10000) in paragraph at lines 73--74

 []


LaTeX Warning: Citation 'Hoffmann' on page 7 undefined on input line 75.


LaTeX Warning: Citation 'PalaniPaper' on page 7 undefined on input line 75.


Underfull \hbox (badness 10000) in paragraph at lines 75--76

 []


LaTeX Warning: Citation 'PalaniPaper' on page 7 undefined on input line 77.


LaTeX Warning: Citation 'PalaniPaper' on page 7 undefined on input line 77.


LaTeX Warning: Citation 'RUS' on page 7 undefined on input line 77.


Underfull \hbox (badness 10000) in paragraph at lines 77--78

 []


LaTeX Warning: Citation 'PalaniPaper' on page 7 undefined on input line 79.


LaTeX Warning: Citation '8EEGCNN' on page 7 undefined on input line 79.


Underfull \hbox (badness 10000) in paragraph at lines 79--80

 []

[7]

LaTeX Warning: Citation 'PalaniPaper' on page 8 undefined on input line 81.


Underfull \hbox (badness 10000) in paragraph at lines 81--82

 []

) [8]
Chapter 3.
(./Sections/Methodology.tex

LaTeX Warning: Citation 'PalaniPaper' on page 9 undefined on input line 4.


LaTeX Warning: Citation 'layers' on page 9 undefined on input line 4.


LaTeX Warning: Citation 'options' on page 9 undefined on input line 4.


Underfull \hbox (badness 10000) in paragraph at lines 4--5

 []


LaTeX Warning: Citation 'PalaniPaper' on page 9 undefined on input line 11.


LaTeX Warning: Citation 'options' on page 9 undefined on input line 13.

[9

]

LaTeX Warning: Citation 'PalaniPaper' on page 10 undefined on input line 18.


Underfull \hbox (badness 10000) in paragraph at lines 18--19

 []


Underfull \hbox (badness 10000) in paragraph at lines 20--21

 []


LaTeX Warning: Citation 'PalaniPaper' on page 10 undefined on input line 27.


LaTeX Warning: Citation 'PalaniPaper' on page 10 undefined on input line 27.


Underfull \hbox (badness 10000) in paragraph at lines 27--28

 []

[10]
Underfull \hbox (badness 10000) in paragraph at lines 29--30

 []

) [11]
Chapter 4.
(./Sections/Testing_Results.tex

LaTeX Warning: Citation 'PalaniPaper' on page 12 undefined on input line 6.


LaTeX Warning: Citation 'PalaniPaper' on page 12 undefined on input line 11.

<Media/SBJ1-15_S1-7/SBJ1-15&S1-7_3_Runs_30_Epochs_Accuracy.png, id=348, 926.37pt x 397.485pt>
File: Media/SBJ1-15_S1-7/SBJ1-15&S1-7_3_Runs_30_Epochs_Accuracy.png Graphic file (type png)
<use Media/SBJ1-15_S1-7/SBJ1-15&S1-7_3_Runs_30_Epochs_Accuracy.png>
Package pdftex.def Info: Media/SBJ1-15_S1-7/SBJ1-15&S1-7_3_Runs_30_Epochs_Accuracy.png  used on input line 15.
(pdftex.def)             Requested size: 463.18387pt x 198.742pt.
[12

]
<Media/SBJ1-15_S1-7/SBJ1-15&S1-7_3_Runs_50_Epochs_Accuracy.png, id=354, 926.37pt x 397.485pt>
File: Media/SBJ1-15_S1-7/SBJ1-15&S1-7_3_Runs_50_Epochs_Accuracy.png Graphic file (type png)
<use Media/SBJ1-15_S1-7/SBJ1-15&S1-7_3_Runs_50_Epochs_Accuracy.png>
Package pdftex.def Info: Media/SBJ1-15_S1-7/SBJ1-15&S1-7_3_Runs_50_Epochs_Accuracy.png  used on input line 22.
(pdftex.def)             Requested size: 463.18387pt x 198.742pt.


LaTeX Warning: Citation 'PalaniPaper' on page 13 undefined on input line 23.


LaTeX Warning: Citation 'PalaniPaper' on page 13 undefined on input line 23.

<Media/SBJ1-15_S1-7/SBJ1-15&S1-7_Varied_Epochs_Accuracy.png, id=355, 926.37pt x 397.485pt>
File: Media/SBJ1-15_S1-7/SBJ1-15&S1-7_Varied_Epochs_Accuracy.png Graphic file (type png)
<use Media/SBJ1-15_S1-7/SBJ1-15&S1-7_Varied_Epochs_Accuracy.png>
Package pdftex.def Info: Media/SBJ1-15_S1-7/SBJ1-15&S1-7_Varied_Epochs_Accuracy.png  used on input line 29.
(pdftex.def)             Requested size: 463.18387pt x 198.742pt.
[13 <./Media/SBJ1-15_S1-7/SBJ1-15&S1-7_3_Runs_30_Epochs_Accuracy.png> <./Media/SBJ1-15_S1-7/SBJ1-15&S1-7_3_Runs_50_Epochs_Accuracy.png>]
<Media/SBJ1-15_S1-7/SBJ1-15&S1-7_04_Dropout_Varied_Epochs_Accuracy.png, id=363, 926.37pt x 397.485pt>
File: Media/SBJ1-15_S1-7/SBJ1-15&S1-7_04_Dropout_Varied_Epochs_Accuracy.png Graphic file (type png)
<use Media/SBJ1-15_S1-7/SBJ1-15&S1-7_04_Dropout_Varied_Epochs_Accuracy.png>
Package pdftex.def Info: Media/SBJ1-15_S1-7/SBJ1-15&S1-7_04_Dropout_Varied_Epochs_Accuracy.png  used on input line 41.
(pdftex.def)             Requested size: 463.18387pt x 198.742pt.
 [14 <./Media/SBJ1-15_S1-7/SBJ1-15&S1-7_Varied_Epochs_Accuracy.png> <./Media/SBJ1-15_S1-7/SBJ1-15&S1-7_04_Dropout_Varied_Epochs_Accuracy.png>]
<Media/SBJ1-15_S1-7/SBJ1-15&S1-7_Varied_Filter_Numbers_Accuracy.png, id=372, 926.37pt x 397.485pt>
File: Media/SBJ1-15_S1-7/SBJ1-15&S1-7_Varied_Filter_Numbers_Accuracy.png Graphic file (type png)
<use Media/SBJ1-15_S1-7/SBJ1-15&S1-7_Varied_Filter_Numbers_Accuracy.png>
Package pdftex.def Info: Media/SBJ1-15_S1-7/SBJ1-15&S1-7_Varied_Filter_Numbers_Accuracy.png  used on input line 53.
(pdftex.def)             Requested size: 463.18387pt x 198.742pt.
<Media/SBJ1-15_S1-7/SBJ1-15&S1-7_Varied_FullyConnctedLayer_Accuracy.png, id=374, 926.37pt x 397.485pt>
File: Media/SBJ1-15_S1-7/SBJ1-15&S1-7_Varied_FullyConnctedLayer_Accuracy.png Graphic file (type png)
<use Media/SBJ1-15_S1-7/SBJ1-15&S1-7_Varied_FullyConnctedLayer_Accuracy.png>
Package pdftex.def Info: Media/SBJ1-15_S1-7/SBJ1-15&S1-7_Varied_FullyConnctedLayer_Accuracy.png  used on input line 65.
(pdftex.def)             Requested size: 463.18387pt x 198.742pt.
 [15 <./Media/SBJ1-15_S1-7/SBJ1-15&S1-7_Varied_Filter_Numbers_Accuracy.png>]
<Media/SBJ1-15_S1-7/SBJ1-15&S1-7_Varied_No_Of_Filters_and_Learning_Rate_Accuracy.png, id=380, 926.37pt x 417.414pt>
File: Media/SBJ1-15_S1-7/SBJ1-15&S1-7_Varied_No_Of_Filters_and_Learning_Rate_Accuracy.png Graphic file (type png)
<use Media/SBJ1-15_S1-7/SBJ1-15&S1-7_Varied_No_Of_Filters_and_Learning_Rate_Accuracy.png>
Package pdftex.def Info: Media/SBJ1-15_S1-7/SBJ1-15&S1-7_Varied_No_Of_Filters_and_Learning_Rate_Accuracy.png  used on input line 75.
(pdftex.def)             Requested size: 463.18387pt x 208.70648pt.
 [16 <./Media/SBJ1-15_S1-7/SBJ1-15&S1-7_Varied_FullyConnctedLayer_Accuracy.png> <./Media/SBJ1-15_S1-7/SBJ1-15&S1-7_Varied_No_Of_Filters_and_Learning_Rate_Accuracy.png>]
<Media/SBJ1-15_S1-3/SBJ1-15&S1-3_30&50_Epochs_Accuracy.png, id=388, 926.37pt x 397.485pt>
File: Media/SBJ1-15_S1-3/SBJ1-15&S1-3_30&50_Epochs_Accuracy.png Graphic file (type png)
<use Media/SBJ1-15_S1-3/SBJ1-15&S1-3_30&50_Epochs_Accuracy.png>
Package pdftex.def Info: Media/SBJ1-15_S1-3/SBJ1-15&S1-3_30&50_Epochs_Accuracy.png  used on input line 87.
(pdftex.def)             Requested size: 463.18387pt x 198.742pt.
<Media/SBJ1-15_S1-3/SBJ1-15&S1-3_30_Epochs_Varied_Dropout_Accuracy.png, id=389, 926.37pt x 397.485pt>
File: Media/SBJ1-15_S1-3/SBJ1-15&S1-3_30_Epochs_Varied_Dropout_Accuracy.png Graphic file (type png)
<use Media/SBJ1-15_S1-3/SBJ1-15&S1-3_30_Epochs_Varied_Dropout_Accuracy.png>
Package pdftex.def Info: Media/SBJ1-15_S1-3/SBJ1-15&S1-3_30_Epochs_Varied_Dropout_Accuracy.png  used on input line 94.
(pdftex.def)             Requested size: 463.18387pt x 198.742pt.


LaTeX Warning: Citation 'DatasetPaper' on page 17 undefined on input line 99.

[17 <./Media/SBJ1-15_S1-3/SBJ1-15&S1-3_30&50_Epochs_Accuracy.png> <./Media/SBJ1-15_S1-3/SBJ1-15&S1-3_30_Epochs_Varied_Dropout_Accuracy.png>]
<Media/SBJ1-15_S1-3/SBJ1-15&S1-3_30_Epochs_Varied_No_Of_Filters_Accuracy.png, id=399, 926.37pt x 397.485pt>
File: Media/SBJ1-15_S1-3/SBJ1-15&S1-3_30_Epochs_Varied_No_Of_Filters_Accuracy.png Graphic file (type png)
<use Media/SBJ1-15_S1-3/SBJ1-15&S1-3_30_Epochs_Varied_No_Of_Filters_Accuracy.png>
Package pdftex.def Info: Media/SBJ1-15_S1-3/SBJ1-15&S1-3_30_Epochs_Varied_No_Of_Filters_Accuracy.png  used on input line 103.
(pdftex.def)             Requested size: 463.18387pt x 198.742pt.


LaTeX Warning: Citation 'PalaniPaper' on page 18 undefined on input line 114.

<Media/SBJ1-15_S4-7/SBJ1-15&S4-7_30&50&20&11_Epochs_Accuracy.png, id=402, 926.37pt x 397.485pt>
File: Media/SBJ1-15_S4-7/SBJ1-15&S4-7_30&50&20&11_Epochs_Accuracy.png Graphic file (type png)
<use Media/SBJ1-15_S4-7/SBJ1-15&S4-7_30&50&20&11_Epochs_Accuracy.png>
Package pdftex.def Info: Media/SBJ1-15_S4-7/SBJ1-15&S4-7_30&50&20&11_Epochs_Accuracy.png  used on input line 118.
(pdftex.def)             Requested size: 463.18387pt x 198.742pt.
[18 <./Media/SBJ1-15_S1-3/SBJ1-15&S1-3_30_Epochs_Varied_No_Of_Filters_Accuracy.png>]
<Media/SBJ1-15_S4-7/SBJ1-15&S4-7_50_Epochs_Varied_Accuracy.png, id=408, 926.37pt x 397.485pt>
File: Media/SBJ1-15_S4-7/SBJ1-15&S4-7_50_Epochs_Varied_Accuracy.png Graphic file (type png)
<use Media/SBJ1-15_S4-7/SBJ1-15&S4-7_50_Epochs_Varied_Accuracy.png>
Package pdftex.def Info: Media/SBJ1-15_S4-7/SBJ1-15&S4-7_50_Epochs_Varied_Accuracy.png  used on input line 125.
(pdftex.def)             Requested size: 463.18387pt x 198.742pt.
) [19 <./Media/SBJ1-15_S4-7/SBJ1-15&S4-7_30&50&20&11_Epochs_Accuracy.png> <./Media/SBJ1-15_S4-7/SBJ1-15&S4-7_50_Epochs_Varied_Accuracy.png>] [20]
Chapter 5.
(./Sections/Conclusion.tex

LaTeX Warning: Citation 'PalaniPaper' on page 21 undefined on input line 1.


LaTeX Warning: Citation 'PalaniPaper' on page 21 undefined on input line 1.


Underfull \hbox (badness 10000) in paragraph at lines 1--2

 []


Underfull \hbox (badness 10000) in paragraph at lines 4--5

 []


Underfull \hbox (badness 10000) in paragraph at lines 6--7

 []


LaTeX Warning: Citation 'PalaniPaper' on page 21 undefined on input line 8.


LaTeX Warning: Citation 'PalaniPaper' on page 21 undefined on input line 8.

) [21

] [22]
Chapter 6.
(./Sections/Discussion.tex
Underfull \hbox (badness 10000) in paragraph at lines 1--2

 []


Underfull \hbox (badness 10000) in paragraph at lines 3--4

 []


LaTeX Warning: Citation 'PalaniPaper' on page 23 undefined on input line 5.

) [23

] [24]

LaTeX Warning: Empty bibliography on input line 64.

(./Sections/Appendix.tex [25

] (/usr/local/texlive/2023/texmf-dist/tex/latex/listings/lstlang1.sty
File: lstlang1.sty 2023/02/27 1.9 listings language file
) [26] [27] [28] [29] [30]) [31] (./main.aux)

LaTeX Warning: There were undefined references.

Package rerunfilecheck Info: File `main.out' has not changed.
(rerunfilecheck)             Checksum: 803BF2E7F1224DE94B59EB395EBBADDC;7108.

Package biblatex Warning: Please (re)run Biber on the file:
(biblatex)                main
(biblatex)                and rerun LaTeX afterwards.

Package logreq Info: Writing requests to 'main.run.xml'.
\openout1 = `main.run.xml'.

 ) 
Here is how much of TeX's memory you used:
 22913 strings out of 476025
 404262 string characters out of 5790017
 2160388 words of memory out of 5000000
 42814 multiletter control sequences out of 15000+600000
 519489 words of font info for 57 fonts, out of 8000000 for 9000
 1141 hyphenation exceptions out of 8191
 80i,12n,79p,1566b,2001s stack positions out of 10000i,1000n,20000p,200000b,200000s
</usr/local/texlive/2023/texmf-dist/fonts/type1/public/amsfonts/cm/cmbx12.pfb></usr/local/texlive/2023/texmf-dist/fonts/type1/public/amsfonts/cm/cmr12.pfb></usr/local/texlive/2023/texmf-dist/fonts/type1/public/amsfonts/cm/cmr6.pfb></usr/local/texlive/2023/texmf-dist/fonts/type1/public/amsfonts/cm/cmti12.pfb></usr/local/texlive/2023/texmf-dist/fonts/type1/public/amsfonts/cm/cmtt10.pfb></usr/local/texlive/2023/texmf-dist/fonts/type1/public/amsfonts/cm/cmtt12.pfb></usr/local/texlive/2023/texmf-dist/fonts/type1/public/cm-super/sfrm1200.pfb>
Output written on main.pdf (36 pages, 8611376 bytes).
PDF statistics:
 748 PDF objects out of 1000 (max. 8388607)
 664 compressed objects within 7 object streams
 274 named destinations out of 1000 (max. 500000)
 394 words of extra memory for PDF output out of 10000 (max. 10000000)

