\BOOKMARK [0][-]{chapter*.1}{\376\377\000A\000b\000s\000t\000r\000a\000c\000t}{}% 1
\BOOKMARK [0][-]{chapter*.3}{\376\377\000L\000i\000s\000t\000\040\000o\000f\000\040\000F\000i\000g\000u\000r\000e\000s}{}% 2
\BOOKMARK [0][-]{chapter.1}{\376\377\000I\000n\000t\000r\000o\000d\000u\000c\000t\000i\000o\000n}{}% 3
\BOOKMARK [1][-]{section.1.1}{\376\377\000P\000r\000o\000j\000e\000c\000t\000\040\000O\000b\000j\000e\000c\000t\000i\000v\000e\000s}{chapter.1}% 4
\BOOKMARK [1][-]{section.1.2}{\376\377\000P\000r\000o\000j\000e\000c\000t\000\040\000O\000v\000e\000r\000v\000i\000e\000w}{chapter.1}% 5
\BOOKMARK [0][-]{chapter.2}{\376\377\000L\000i\000t\000e\000r\000a\000t\000u\000r\000e\000\040\000R\000e\000v\000i\000e\000w}{}% 6
\BOOKMARK [1][-]{section.2.1}{\376\377\000C\000l\000i\000n\000i\000c\000a\000l\000\040\000T\000r\000i\000a\000l}{chapter.2}% 7
\BOOKMARK [1][-]{section.2.2}{\376\377\000P\000r\000o\000j\000e\000c\000t\000\040\000D\000a\000t\000a\000s\000e\000t}{chapter.2}% 8
\BOOKMARK [1][-]{section.2.3}{\376\377\000C\000N\000N\000\040\000R\000e\000s\000e\000a\000r\000c\000h}{chapter.2}% 9
\BOOKMARK [2][-]{subsection.2.3.1}{\376\377\000C\000o\000n\000v\000o\000l\000u\000t\000i\000o\000n\000a\000l\000\040\000L\000a\000y\000e\000r\000s}{section.2.3}% 10
\BOOKMARK [2][-]{subsection.2.3.2}{\376\377\000P\000a\000d\000d\000i\000n\000g\000\040\000a\000n\000d\000\040\000S\000t\000r\000i\000d\000e}{section.2.3}% 11
\BOOKMARK [2][-]{subsection.2.3.3}{\376\377\000B\000a\000t\000c\000h\000\040\000N\000o\000r\000m\000a\000l\000i\000z\000a\000t\000i\000o\000n\000\040\000L\000a\000y\000e\000r\000s}{section.2.3}% 12
\BOOKMARK [2][-]{subsection.2.3.4}{\376\377\000R\000e\000L\000U\000\040\000L\000a\000y\000e\000r\000s}{section.2.3}% 13
\BOOKMARK [2][-]{subsection.2.3.5}{\376\377\000P\000o\000o\000l\000i\000n\000g\000\040\000a\000n\000d\000\040\000d\000r\000o\000p\000o\000u\000t\000\040\000L\000a\000y\000e\000r\000s}{section.2.3}% 14
\BOOKMARK [2][-]{subsection.2.3.6}{\376\377\000F\000u\000l\000l\000y\000\040\000C\000o\000n\000n\000e\000c\000t\000e\000d\000\040\000L\000a\000y\000e\000r\000s}{section.2.3}% 15
\BOOKMARK [2][-]{subsection.2.3.7}{\376\377\000S\000o\000f\000t\000m\000a\000x\000\040\000a\000n\000d\000\040\000C\000l\000a\000s\000s\000i\000f\000i\000c\000a\000t\000i\000o\000n\000\040\000L\000a\000y\000e\000r\000s}{section.2.3}% 16
\BOOKMARK [1][-]{section.2.4}{\376\377\000R\000e\000l\000a\000t\000e\000d\000\040\000W\000o\000r\000k}{chapter.2}% 17
\BOOKMARK [0][-]{chapter.3}{\376\377\000M\000e\000t\000h\000o\000d\000o\000l\000o\000g\000y}{}% 18
\BOOKMARK [1][-]{section.3.1}{\376\377\000A\000p\000p\000r\000o\000a\000c\000h\000a\000b\000l\000e\000\040\000M\000e\000t\000h\000o\000d\000s}{chapter.3}% 19
\BOOKMARK [1][-]{section.3.2}{\376\377\000C\000N\000N\000\040\000P\000r\000e\000p\000a\000r\000a\000t\000i\000o\000n}{chapter.3}% 20
\BOOKMARK [1][-]{section.3.3}{\376\377\000T\000h\000e\000\040\000C\000N\000N\000\040\000T\000e\000s\000t\000i\000n\000g\000\040\000F\000i\000l\000e}{chapter.3}% 21
\BOOKMARK [1][-]{section.3.4}{\376\377\000T\000h\000e\000\040\000C\000N\000N\000\040\000F\000u\000n\000c\000t\000i\000o\000n}{chapter.3}% 22
\BOOKMARK [1][-]{section.3.5}{\376\377\000D\000a\000t\000a\000s\000e\000t\000\040\000M\000o\000d\000i\000f\000i\000c\000a\000t\000i\000o\000n}{chapter.3}% 23
\BOOKMARK [0][-]{chapter.4}{\376\377\000T\000e\000s\000t\000i\000n\000g\000\040\000\046\000\040\000R\000e\000s\000u\000l\000t\000s}{}% 24
\BOOKMARK [1][-]{section.4.1}{\376\377\000A\000l\000l\000\040\000S\000u\000b\000j\000e\000c\000t\000s\000,\000\040\000S\000e\000s\000s\000i\000o\000n\000\040\0001\000\040\000t\000o\000\040\0007\000\040\000C\000l\000a\000s\000s\000i\000f\000i\000c\000a\000t\000i\000o\000n}{chapter.4}% 25
\BOOKMARK [2][-]{subsection.4.1.1}{\376\377\000T\000e\000s\000t\000i\000n\000g\000\040\000t\000h\000e\000\040\000E\000p\000o\000c\000h\000s}{section.4.1}% 26
\BOOKMARK [2][-]{subsection.4.1.2}{\376\377\000T\000e\000s\000t\000i\000n\000g\000\040\000E\000p\000o\000c\000h\000s\000\040\000a\000n\000d\000\040\000D\000r\000o\000p\000o\000u\000t\000\040\000P\000r\000o\000b\000a\000b\000i\000l\000i\000t\000i\000e\000s}{section.4.1}% 27
\BOOKMARK [2][-]{subsection.4.1.3}{\376\377\000V\000a\000r\000y\000i\000n\000g\000\040\000t\000h\000e\000\040\000N\000u\000m\000b\000e\000r\000\040\000o\000f\000\040\000F\000i\000l\000t\000e\000r\000s}{section.4.1}% 28
\BOOKMARK [2][-]{subsection.4.1.4}{\376\377\000V\000a\000r\000y\000i\000n\000g\000\040\000t\000h\000e\000\040\000F\000u\000l\000l\000y\000\040\000C\000o\000n\000n\000e\000c\000t\000e\000d\000\040\000L\000a\000y\000e\000r}{section.4.1}% 29
\BOOKMARK [2][-]{subsection.4.1.5}{\376\377\000T\000e\000s\000t\000i\000n\000g\000\040\000M\000u\000l\000t\000i\000p\000l\000e\000\040\000F\000e\000a\000t\000u\000r\000e\000s}{section.4.1}% 30
\BOOKMARK [1][-]{section.4.2}{\376\377\000A\000l\000l\000\040\000S\000u\000b\000j\000e\000c\000t\000s\000,\000\040\000S\000e\000s\000s\000i\000o\000n\000\040\0001\000\040\000t\000o\000\040\0003\000\040\000C\000l\000a\000s\000s\000i\000f\000i\000c\000a\000t\000i\000o\000n}{chapter.4}% 31
\BOOKMARK [1][-]{section.4.3}{\376\377\000A\000l\000l\000\040\000S\000u\000b\000j\000e\000c\000t\000s\000,\000\040\000S\000e\000s\000s\000i\000o\000n\000\040\0004\000\040\000t\000o\000\040\0007\000\040\000C\000l\000a\000s\000s\000i\000f\000i\000c\000a\000t\000i\000o\000n}{chapter.4}% 32
\BOOKMARK [2][-]{subsection.4.3.1}{\376\377\000T\000e\000s\000t\000i\000n\000g\000\040\000M\000u\000l\000t\000i\000p\000l\000e\000\040\000F\000e\000a\000t\000u\000r\000e\000s}{section.4.3}% 33
\BOOKMARK [1][-]{section.4.4}{\376\377\000S\000u\000b\000j\000e\000c\000t\000\040\000a\000n\000d\000\040\000S\000e\000s\000s\000i\000o\000n\000\040\000R\000e\000v\000i\000e\000w}{chapter.4}% 34
\BOOKMARK [0][-]{chapter.5}{\376\377\000C\000o\000n\000c\000l\000u\000s\000i\000o\000n}{}% 35
\BOOKMARK [0][-]{chapter.6}{\376\377\000D\000i\000s\000c\000u\000s\000s\000i\000o\000n}{}% 36
\BOOKMARK [0][-]{chapter*.4}{\376\377\000A\000p\000p\000e\000n\000d\000i\000x}{}% 37
\BOOKMARK [1][-]{section*.5}{\376\377\000A\000p\000p\000e\000n\000d\000i\000x\000\040\000A\000:\000\040\000S\000B\000J\0001\000-\0001\0005\000,\000\040\000S\0001\000-\0007\000\040\000C\000N\000N\000\040\000T\000e\000s\000t\000i\000n\000g\000\040\000F\000i\000l\000e}{chapter*.4}% 38
\BOOKMARK [1][-]{section*.6}{\376\377\000A\000p\000p\000e\000n\000d\000i\000x\000\040\000B\000:\000\040\000S\000B\000J\0001\000-\0001\0005\000,\000\040\000S\0001\000-\0003\000\040\000C\000N\000N\000\040\000T\000e\000s\000t\000i\000n\000g\000\040\000F\000i\000l\000e}{chapter*.4}% 39
\BOOKMARK [1][-]{section*.7}{\376\377\000A\000p\000p\000e\000n\000d\000i\000x\000\040\000C\000:\000\040\000S\000B\000J\0001\000-\0001\0005\000,\000\040\000S\0004\000-\0007\000\040\000C\000N\000N\000\040\000T\000e\000s\000t\000i\000n\000g\000\040\000F\000i\000l\000e}{chapter*.4}% 40
\BOOKMARK [1][-]{section*.8}{\376\377\000A\000p\000p\000e\000n\000d\000i\000x\000\040\000D\000:\000\040\000C\000N\000N\000\040\000F\000u\000n\000c\000t\000i\000o\000n}{chapter*.4}% 41
